2023-10-05T09:52:49.853+05:30  INFO 6431 --- [restartedMain] com.example.demo.SportsZ1Application     : Starting SportsZ1Application using Java 17.0.6 with PID 6431 (/Users/arunvs/backend_5th_sem/SportsZ1/target/classes started by arunvs in /Users/arunvs/backend_5th_sem/SportsZ1)
2023-10-05T09:52:49.855+05:30  INFO 6431 --- [restartedMain] com.example.demo.SportsZ1Application     : No active profile set, falling back to 1 default profile: "default"
2023-10-05T09:52:49.880+05:30  INFO 6431 --- [restartedMain] .e.DevToolsPropertyDefaultsPostProcessor : Devtools property defaults active! Set 'spring.devtools.add-properties' to 'false' to disable
2023-10-05T09:52:49.880+05:30  INFO 6431 --- [restartedMain] .e.DevToolsPropertyDefaultsPostProcessor : For additional web related logging consider setting the 'logging.level.web' property to 'DEBUG'
2023-10-05T09:52:50.392+05:30  INFO 6431 --- [restartedMain] .s.d.r.c.RepositoryConfigurationDelegate : Bootstrapping Spring Data JPA repositories in DEFAULT mode.
2023-10-05T09:52:50.424+05:30  INFO 6431 --- [restartedMain] .s.d.r.c.RepositoryConfigurationDelegate : Finished Spring Data repository scanning in 26 ms. Found 2 JPA repository interfaces.
2023-10-05T09:52:50.732+05:30  INFO 6431 --- [restartedMain] o.s.b.w.embedded.tomcat.TomcatWebServer  : Tomcat initialized with port(s): 6969 (http)
2023-10-05T09:52:50.737+05:30  INFO 6431 --- [restartedMain] o.apache.catalina.core.StandardService   : Starting service [Tomcat]
2023-10-05T09:52:50.737+05:30  INFO 6431 --- [restartedMain] o.apache.catalina.core.StandardEngine    : Starting Servlet engine: [Apache Tomcat/10.1.13]
2023-10-05T09:52:50.771+05:30  INFO 6431 --- [restartedMain] o.a.c.c.C.[Tomcat].[localhost].[/]       : Initializing Spring embedded WebApplicationContext
2023-10-05T09:52:50.771+05:30  INFO 6431 --- [restartedMain] w.s.c.ServletWebServerApplicationContext : Root WebApplicationContext: initialization completed in 890 ms
2023-10-05T09:52:50.891+05:30  INFO 6431 --- [restartedMain] o.hibernate.jpa.internal.util.LogHelper  : HHH000204: Processing PersistenceUnitInfo [name: default]
2023-10-05T09:52:50.918+05:30  INFO 6431 --- [restartedMain] org.hibernate.Version                    : HHH000412: Hibernate ORM core version 6.2.9.Final
2023-10-05T09:52:50.920+05:30  INFO 6431 --- [restartedMain] org.hibernate.cfg.Environment            : HHH000406: Using bytecode reflection optimizer
2023-10-05T09:52:50.987+05:30  INFO 6431 --- [restartedMain] o.h.b.i.BytecodeProviderInitiator        : HHH000021: Bytecode provider name : bytebuddy
2023-10-05T09:52:51.051+05:30  INFO 6431 --- [restartedMain] o.s.o.j.p.SpringPersistenceUnitInfo      : No LoadTimeWeaver setup: ignoring JPA class transformer
2023-10-05T09:52:51.061+05:30  INFO 6431 --- [restartedMain] com.zaxxer.hikari.HikariDataSource       : HikariPool-1 - Starting...
2023-10-05T09:52:51.239+05:30  INFO 6431 --- [restartedMain] com.zaxxer.hikari.pool.HikariPool        : HikariPool-1 - Added connection com.mysql.cj.jdbc.ConnectionImpl@65379c10
2023-10-05T09:52:51.240+05:30  INFO 6431 --- [restartedMain] com.zaxxer.hikari.HikariDataSource       : HikariPool-1 - Start completed.
2023-10-05T09:52:51.268+05:30  WARN 6431 --- [restartedMain] org.hibernate.orm.deprecation            : HHH90000026: MySQL8Dialect has been deprecated; use org.hibernate.dialect.MySQLDialect instead
2023-10-05T09:52:51.362+05:30  INFO 6431 --- [restartedMain] o.h.b.i.BytecodeProviderInitiator        : HHH000021: Bytecode provider name : bytebuddy
2023-10-05T09:52:51.683+05:30  INFO 6431 --- [restartedMain] o.h.e.t.j.p.i.JtaPlatformInitiator       : HHH000490: Using JtaPlatform implementation: [org.hibernate.engine.transaction.jta.platform.internal.NoJtaPlatform]
2023-10-05T09:52:51.742+05:30  INFO 6431 --- [restartedMain] j.LocalContainerEntityManagerFactoryBean : Initialized JPA EntityManagerFactory for persistence unit 'default'
2023-10-05T09:52:51.751+05:30  WARN 6431 --- [restartedMain] ConfigServletWebServerApplicationContext : Exception encountered during context initialization - cancelling refresh attempt: org.springframework.beans.factory.UnsatisfiedDependencyException: Error creating bean with name 'authenticationController' defined in file [/Users/arunvs/backend_5th_sem/SportsZ1/target/classes/com/example/demo/controller/AuthenticationController.class]: Unsatisfied dependency expressed through constructor parameter 0: No qualifying bean of type 'com.example.demo.service.AuthService' available: expected at least 1 bean which qualifies as autowire candidate. Dependency annotations: {}
2023-10-05T09:52:51.752+05:30  INFO 6431 --- [restartedMain] j.LocalContainerEntityManagerFactoryBean : Closing JPA EntityManagerFactory for persistence unit 'default'
2023-10-05T09:52:51.754+05:30  INFO 6431 --- [restartedMain] com.zaxxer.hikari.HikariDataSource       : HikariPool-1 - Shutdown initiated...
2023-10-05T09:52:51.759+05:30  INFO 6431 --- [restartedMain] com.zaxxer.hikari.HikariDataSource       : HikariPool-1 - Shutdown completed.
2023-10-05T09:52:51.760+05:30  INFO 6431 --- [restartedMain] o.apache.catalina.core.StandardService   : Stopping service [Tomcat]
2023-10-05T09:52:51.776+05:30  INFO 6431 --- [restartedMain] .s.b.a.l.ConditionEvaluationReportLogger : 

Error starting ApplicationContext. To display the condition evaluation report re-run your application with 'debug' enabled.
2023-10-05T09:52:51.790+05:30 ERROR 6431 --- [restartedMain] o.s.b.d.LoggingFailureAnalysisReporter   : 

***************************
APPLICATION FAILED TO START
***************************

Description:

Parameter 0 of constructor in com.example.demo.controller.AuthenticationController required a bean of type 'com.example.demo.service.AuthService' that could not be found.


Action:

Consider defining a bean of type 'com.example.demo.service.AuthService' in your configuration.

